<?xml version="1.0" encoding="utf-8" standalone="yes"?><Layout layout="test" modulePackage="kr.ac.gachon.recommendate" filePath="app/src/main/res/layout/test.xml" directory="layout" isMerge="false" isBindingData="false" rootNodeType="android.widget.LinearLayout"><Targets><Target tag="layout/test_0" view="LinearLayout"><Expressions/><location startLine="0" startOffset="0" endLine="123" endOffset="14"/></Target><Target id="@+id/title" view="TextView"><Expressions/><location startLine="9" startOffset="4" endLine="19" endOffset="14"/></Target><Target id="@+id/divider_title" view="View"><Expressions/><location startLine="21" startOffset="4" endLine="25" endOffset="42"/></Target><Target id="@+id/btn_open_map" view="androidx.appcompat.widget.AppCompatButton"><Expressions/><location startLine="27" startOffset="4" endLine="37" endOffset="33"/></Target><Target id="@+id/btn_open_recommend" view="androidx.appcompat.widget.AppCompatButton"><Expressions/><location startLine="39" startOffset="4" endLine="48" endOffset="33"/></Target><Target id="@+id/text_last_dates" view="TextView"><Expressions/><location startLine="58" startOffset="4" endLine="69" endOffset="14"/></Target><Target id="@+id/photo" view="ImageView"><Expressions/><location startLine="85" startOffset="8" endLine="90" endOffset="58"/></Target><Target id="@+id/keyword" view="TextView"><Expressions/><location startLine="92" startOffset="8" endLine="100" endOffset="37"/></Target><Target id="@+id/like_icon" view="ImageView"><Expressions/><location startLine="102" startOffset="8" endLine="109" endOffset="51"/></Target><Target id="@+id/like" view="TextView"><Expressions/><location startLine="111" startOffset="8" endLine="119" endOffset="37"/></Target></Targets></Layout>